<?xml version="1.0" encoding="UTF-8"?>
<!-- Generated by org.testng.reporters.JUnitXMLReporter -->
<testsuite ignored="9" hostname="DESKTOP-S8R4H3J" failures="0" tests="0" time="0.037" errors="0" timestamp="2023-09-24T15:37:41 IST">
  <testcase classname="TESTNG_Basics.ANNOTATIONDEMO" name="ValidateTitle" time="0.0">
    <ignored/>
  </testcase> <!-- ValidateTitle -->
  <testcase classname="TESTNG_Basics.Priority_Demo" name="Pinaaple" time="0.0">
    <ignored/>
  </testcase> <!-- Pinaaple -->
  <testcase classname="TESTNG_Basics.Invocationcount" name="M1" time="0.0">
    <ignored/>
  </testcase> <!-- M1 -->
  <testcase classname="TESTNG_Basics.ANNOTATIONDEMO" name="validateLogin" time="0.0">
    <ignored/>
  </testcase> <!-- validateLogin -->
  <testcase classname="TESTNG_Basics.Priority_Demo" name="Apple" time="0.0">
    <ignored/>
  </testcase> <!-- Apple -->
  <testcase classname="TESTNG_Basics.Groups_Demo" name="MobileTc1" time="0.0">
    <ignored/>
  </testcase> <!-- MobileTc1 -->
  <testcase classname="TESTNG_Basics.Groups_Demo" name="MobileTc3" time="0.0">
    <ignored/>
  </testcase> <!-- MobileTc3 -->
  <testcase classname="TESTNG_Basics.Priority_Demo" name="Coconut" time="0.0">
    <ignored/>
  </testcase> <!-- Coconut -->
  <testcase classname="TESTNG_Basics.Groups_Demo" name="MobileTc2" time="0.0">
    <ignored/>
  </testcase> <!-- MobileTc2 -->
</testsuite>
