<?xml version="1.0" encoding="UTF-8"?>
<testng-results ignored="0" total="2" passed="2" failed="0" skipped="0">
  <reporter-output>
  </reporter-output>
  <suite started-at="2023-10-02T13:29:36 IST" name="Suite" finished-at="2023-10-02T13:30:12 IST" duration-ms="36911">
    <groups>
    </groups>
    <test started-at="2023-10-02T13:29:36 IST" name="Test" finished-at="2023-10-02T13:30:12 IST" duration-ms="36911">
      <class name="TESTNG_Basics.XMLParameter">
        <test-method signature="login(java.lang.String,java.lang.String)[pri:0, instance:TESTNG_Basics.XMLParameter@4b45a2f5]" started-at="2023-10-02T13:29:36 IST" name="login" data-provider="getdata" finished-at="2023-10-02T13:29:58 IST" duration-ms="22139" status="PASS">
          <params>
            <param index="0">
              <value>
                <![CDATA[Admin]]>
              </value>
            </param>
            <param index="1">
              <value>
                <![CDATA[admin123]]>
              </value>
            </param>
          </params>
          <reporter-output>
          </reporter-output>
        </test-method> <!-- login -->
        <test-method signature="login(java.lang.String,java.lang.String)[pri:0, instance:TESTNG_Basics.XMLParameter@4b45a2f5]" started-at="2023-10-02T13:29:58 IST" name="login" data-provider="getdata" finished-at="2023-10-02T13:30:12 IST" duration-ms="14669" status="PASS">
          <params>
            <param index="0">
              <value>
                <![CDATA[Mukesh]]>
              </value>
            </param>
            <param index="1">
              <value>
                <![CDATA[M2345]]>
              </value>
            </param>
          </params>
          <reporter-output>
          </reporter-output>
        </test-method> <!-- login -->
      </class> <!-- TESTNG_Basics.XMLParameter -->
    </test> <!-- Test -->
  </suite> <!-- Suite -->
</testng-results>
